<?xml version="1.0" encoding="utf-8"?>
<TestRun id="a30d313d-bba2-4bb7-b70b-a9bd0f90b2fc" name="t-napra@MININT-U3BDCML 2020-01-23 12:25:49" runUser="FAREAST\t-napra" xmlns="http://microsoft.com/schemas/VisualStudio/TeamTest/2010">
  <Times creation="2020-01-23T12:25:49.2672047+05:30" queuing="2020-01-23T12:25:49.2672047+05:30" start="2020-01-23T12:25:48.3402017+05:30" finish="2020-01-23T12:25:49.2922029+05:30" />
  <TestSettings name="default" id="0e0ea8e3-daf6-4976-89c3-de2f64cfc25b">
    <Deployment runDeploymentRoot="t-napra_MININT-U3BDCML_2020-01-23_12_25_49" />
  </TestSettings>
  <Results>
    <UnitTestResult executionId="56318b72-e112-4d83-855a-8ba45915d7e9" testId="8a58145f-4075-10ca-1fd1-271205faa745" testName="SumTest" computerName="MININT-U3BDCML" duration="00:00:00.0081587" startTime="2020-01-23T12:25:48.9946016+05:30" endTime="2020-01-23T12:25:49.0388772+05:30" testType="13cdc9d9-ddb5-4fa4-a97d-d965ccfc6d4b" outcome="Passed" testListId="8c84fa94-04c1-424b-9868-57a2d4851a1d" relativeResultsDirectory="56318b72-e112-4d83-855a-8ba45915d7e9" />
    <UnitTestResult executionId="92fca906-6788-4292-91d0-4c7ad79b1f68" testId="83ae77dc-887a-fd7c-6025-1da45438fb06" testName="MultiplyTest" computerName="MININT-U3BDCML" duration="00:00:00.0001993" startTime="2020-01-23T12:25:49.0512303+05:30" endTime="2020-01-23T12:25:49.0515868+05:30" testType="13cdc9d9-ddb5-4fa4-a97d-d965ccfc6d4b" outcome="Passed" testListId="8c84fa94-04c1-424b-9868-57a2d4851a1d" relativeResultsDirectory="92fca906-6788-4292-91d0-4c7ad79b1f68" />
  </Results>
  <TestDefinitions>
    <UnitTest name="MultiplyTest" storage="c:\users\t-napra\downloads\agent\_work\14\s\unittestproject5\bin\debug\netcoreapp2.1\unittestproject5.dll" id="83ae77dc-887a-fd7c-6025-1da45438fb06">
      <Execution id="92fca906-6788-4292-91d0-4c7ad79b1f68" />
      <TestMethod codeBase="C:\Users\t-napra\Downloads\Agent\_work\14\s\UnitTestProject5\bin\Debug\netcoreapp2.1\UnitTestProject5.dll" adapterTypeName="executor://mstestadapter/v2" className="UnitTestProject1.UnitTest1" name="MultiplyTest" />
    </UnitTest>
    <UnitTest name="SumTest" storage="c:\users\t-napra\downloads\agent\_work\14\s\unittestproject5\bin\debug\netcoreapp2.1\unittestproject5.dll" id="8a58145f-4075-10ca-1fd1-271205faa745">
      <Execution id="56318b72-e112-4d83-855a-8ba45915d7e9" />
      <TestMethod codeBase="C:\Users\t-napra\Downloads\Agent\_work\14\s\UnitTestProject5\bin\Debug\netcoreapp2.1\UnitTestProject5.dll" adapterTypeName="executor://mstestadapter/v2" className="UnitTestProject1.UnitTest1" name="SumTest" />
    </UnitTest>
  </TestDefinitions>
  <TestEntries>
    <TestEntry testId="8a58145f-4075-10ca-1fd1-271205faa745" executionId="56318b72-e112-4d83-855a-8ba45915d7e9" testListId="8c84fa94-04c1-424b-9868-57a2d4851a1d" />
    <TestEntry testId="83ae77dc-887a-fd7c-6025-1da45438fb06" executionId="92fca906-6788-4292-91d0-4c7ad79b1f68" testListId="8c84fa94-04c1-424b-9868-57a2d4851a1d" />
  </TestEntries>
  <TestLists>
    <TestList name="Results Not in a List" id="8c84fa94-04c1-424b-9868-57a2d4851a1d" />
    <TestList name="All Loaded Results" id="19431567-8539-422a-85d7-44ee4e166bda" />
  </TestLists>
  <ResultSummary outcome="Completed">
    <Counters total="2" executed="2" passed="2" failed="0" error="0" timeout="0" aborted="0" inconclusive="0" passedButRunAborted="0" notRunnable="0" notExecuted="0" disconnected="0" warning="0" completed="0" inProgress="0" pending="0" />
  </ResultSummary>
</TestRun>